[Tue Jan  6 04:06:26 2026] PHP 8.3.6 Development Server (http://localhost:8080) started
[Tue Jan  6 04:06:37 2026] [::1]:38320 Accepted
[Tue Jan  6 04:06:37 2026] [::1]:38320 [200]: GET /login.php
[Tue Jan  6 04:06:37 2026] [::1]:38320 Closing
[Tue Jan  6 04:06:37 2026] [::1]:38334 Accepted
[Tue Jan  6 04:06:37 2026] [::1]:38342 Accepted
[Tue Jan  6 04:06:37 2026] [::1]:38344 Accepted
[Tue Jan  6 04:06:37 2026] [::1]:38334 [200]: GET /assets/css/app.css
[Tue Jan  6 04:06:37 2026] [::1]:38342 [200]: GET /assets/js/app.js
[Tue Jan  6 04:06:37 2026] [::1]:38344 [200]: GET /assets/js/infinite_scroll.js
[Tue Jan  6 04:06:37 2026] [::1]:38334 Closing
[Tue Jan  6 04:06:37 2026] [::1]:38342 Closing
[Tue Jan  6 04:06:37 2026] [::1]:38344 Closing
[Tue Jan  6 04:07:31 2026] [::1]:37390 Accepted
[Tue Jan  6 04:07:31 2026] [::1]:37390 [200]: GET /login.php
[Tue Jan  6 04:07:31 2026] [::1]:37390 Closing
[Tue Jan  6 04:07:31 2026] [::1]:37400 Accepted
[Tue Jan  6 04:07:31 2026] [::1]:37408 Accepted
[Tue Jan  6 04:07:31 2026] [::1]:37410 Accepted
[Tue Jan  6 04:07:31 2026] [::1]:37400 [200]: GET /assets/css/app.css
[Tue Jan  6 04:07:31 2026] [::1]:37408 [200]: GET /assets/js/app.js
[Tue Jan  6 04:07:31 2026] [::1]:37410 [200]: GET /assets/js/infinite_scroll.js
[Tue Jan  6 04:07:31 2026] [::1]:37400 Closing
[Tue Jan  6 04:07:31 2026] [::1]:37408 Closing
[Tue Jan  6 04:07:31 2026] [::1]:37410 Closing
[Tue Jan  6 04:07:31 2026] [::1]:37414 Accepted
[Tue Jan  6 04:07:31 2026] [::1]:37414 [200]: POST /login.php
[Tue Jan  6 04:07:31 2026] [::1]:37414 Closing
[Tue Jan  6 04:07:31 2026] [::1]:37428 Accepted
[Tue Jan  6 04:07:31 2026] [::1]:37444 Accepted
[Tue Jan  6 04:07:31 2026] [::1]:37458 Accepted
[Tue Jan  6 04:07:31 2026] [::1]:37428 [200]: GET /assets/css/app.css
[Tue Jan  6 04:07:31 2026] [::1]:37428 Closing
[Tue Jan  6 04:07:31 2026] [::1]:37444 [200]: GET /assets/js/app.js
[Tue Jan  6 04:07:31 2026] [::1]:37444 Closing
[Tue Jan  6 04:07:31 2026] [::1]:37458 [200]: GET /assets/js/infinite_scroll.js
[Tue Jan  6 04:07:31 2026] [::1]:37458 Closing
[Tue Jan  6 04:09:05 2026] [::1]:39532 Accepted
[Tue Jan  6 04:09:05 2026] [::1]:39532 [200]: GET /login.php
[Tue Jan  6 04:09:05 2026] [::1]:39532 Closing
[Tue Jan  6 04:09:05 2026] [::1]:39542 Accepted
[Tue Jan  6 04:09:05 2026] [::1]:39546 Accepted
[Tue Jan  6 04:09:05 2026] [::1]:39550 Accepted
[Tue Jan  6 04:09:05 2026] [::1]:39542 [200]: GET /assets/css/app.css
[Tue Jan  6 04:09:05 2026] [::1]:39542 Closing
[Tue Jan  6 04:09:05 2026] [::1]:39546 [200]: GET /assets/js/app.js
[Tue Jan  6 04:09:05 2026] [::1]:39546 Closing
[Tue Jan  6 04:09:05 2026] [::1]:39550 [200]: GET /assets/js/infinite_scroll.js
[Tue Jan  6 04:09:05 2026] [::1]:39550 Closing
[Tue Jan  6 04:09:06 2026] [::1]:39556 Accepted
[Tue Jan  6 04:09:06 2026] [::1]:39556 [302]: POST /login.php
[Tue Jan  6 04:09:06 2026] [::1]:39556 Closing
[Tue Jan  6 04:09:06 2026] [::1]:39570 Accepted
[Tue Jan  6 04:09:06 2026] [::1]:39570 [200]: GET /index.php
[Tue Jan  6 04:09:06 2026] [::1]:39570 Closing
[Tue Jan  6 04:09:06 2026] [::1]:39584 Accepted
[Tue Jan  6 04:09:06 2026] [::1]:39586 Accepted
[Tue Jan  6 04:09:06 2026] [::1]:39602 Accepted
[Tue Jan  6 04:09:06 2026] [::1]:39604 Accepted
[Tue Jan  6 04:09:06 2026] [::1]:39584 [200]: GET /assets/css/app.css
[Tue Jan  6 04:09:06 2026] [::1]:39586 [200]: GET /assets/js/debug_console.js
[Tue Jan  6 04:09:06 2026] [::1]:39602 [200]: GET /assets/js/app.js
[Tue Jan  6 04:09:06 2026] [::1]:39604 [200]: GET /assets/js/infinite_scroll.js
[Tue Jan  6 04:09:06 2026] [::1]:39584 Closing
[Tue Jan  6 04:09:06 2026] [::1]:39586 Closing
[Tue Jan  6 04:09:06 2026] [::1]:39602 Closing
[Tue Jan  6 04:09:06 2026] [::1]:39604 Closing
[Tue Jan  6 04:09:06 2026] [::1]:39610 Accepted
[Tue Jan  6 04:09:06 2026] [::1]:39610 [200]: GET /admin/index.php
[Tue Jan  6 04:09:06 2026] [::1]:39610 Closing
[Tue Jan  6 04:09:06 2026] [::1]:39612 Accepted
[Tue Jan  6 04:09:06 2026] [::1]:39624 Accepted
[Tue Jan  6 04:09:06 2026] [::1]:39636 Accepted
[Tue Jan  6 04:09:06 2026] [::1]:39642 Accepted
[Tue Jan  6 04:09:06 2026] [::1]:39612 [200]: GET /assets/css/app.css
[Tue Jan  6 04:09:06 2026] [::1]:39624 [200]: GET /assets/js/app.js
[Tue Jan  6 04:09:06 2026] [::1]:39636 [200]: GET /assets/js/infinite_scroll.js
[Tue Jan  6 04:09:06 2026] [::1]:39612 Closing
[Tue Jan  6 04:09:06 2026] [::1]:39624 Closing
[Tue Jan  6 04:09:06 2026] [::1]:39636 Closing
[Tue Jan  6 04:09:06 2026] [::1]:39642 [200]: GET /assets/js/debug_console.js
[Tue Jan  6 04:09:06 2026] [::1]:39642 Closing
